<component name="ArtifactManager">
  <artifact name="junit_junit_4_11">
    <output-path>$PROJECT_DIR$/out/artifacts/junit_junit_4_11</output-path>
    <root id="root" />
  </artifact>
</component>